<?xml version="1.0" encoding="UTF-8"?>
<coverage generated="1571906172724" clover="3.2.0">
  <project timestamp="1571906172724" name="All files">
    <metrics statements="49" coveredstatements="47" conditionals="20" coveredconditionals="16" methods="14" coveredmethods="13" elements="83" coveredelements="76" complexity="0" loc="49" ncloc="49" packages="1" files="1" classes="1"/>
    <file name="index.ts" path="/Users/martinegan/development/internal/cornerstone-digital/loggerhead/src/index.ts">
      <metrics statements="49" coveredstatements="47" conditionals="20" coveredconditionals="16" methods="14" coveredmethods="13"/>
      <line num="1" count="1" type="stmt"/>
      <line num="2" count="1" type="stmt"/>
      <line num="3" count="1" type="stmt"/>
      <line num="4" count="1" type="stmt"/>
      <line num="5" count="1" type="stmt"/>
      <line num="7" count="1" type="stmt"/>
      <line num="8" count="1" type="stmt"/>
      <line num="14" count="12" type="stmt"/>
      <line num="17" count="12" type="stmt"/>
      <line num="19" count="12" type="stmt"/>
      <line num="20" count="12" type="stmt"/>
      <line num="21" count="12" type="stmt"/>
      <line num="22" count="12" type="stmt"/>
      <line num="23" count="12" type="cond" truecount="1" falsecount="1"/>
      <line num="24" count="12" type="stmt"/>
      <line num="28" count="12" type="cond" truecount="4" falsecount="0"/>
      <line num="29" count="11" type="stmt"/>
      <line num="32" count="12" type="stmt"/>
      <line num="35" count="1" type="stmt"/>
      <line num="36" count="0" type="stmt"/>
      <line num="39" count="1" type="stmt"/>
      <line num="40" count="50" type="stmt"/>
      <line num="43" count="144" type="stmt"/>
      <line num="44" count="48" type="cond" truecount="4" falsecount="0"/>
      <line num="45" count="27" type="stmt"/>
      <line num="46" count="27" type="stmt"/>
      <line num="47" count="27" type="cond" truecount="2" falsecount="0"/>
      <line num="48" count="27" type="stmt"/>
      <line num="52" count="24" type="stmt"/>
      <line num="53" count="8" type="stmt"/>
      <line num="56" count="24" type="stmt"/>
      <line num="57" count="8" type="stmt"/>
      <line num="60" count="24" type="stmt"/>
      <line num="61" count="8" type="stmt"/>
      <line num="64" count="24" type="stmt"/>
      <line num="65" count="8" type="stmt"/>
      <line num="68" count="24" type="stmt"/>
      <line num="69" count="8" type="stmt"/>
      <line num="72" count="24" type="stmt"/>
      <line num="73" count="8" type="stmt"/>
      <line num="76" count="81" type="stmt"/>
      <line num="77" count="27" type="cond" truecount="3" falsecount="1"/>
      <line num="78" count="27" type="stmt"/>
      <line num="79" count="27" type="cond" truecount="1" falsecount="1"/>
      <line num="82" count="27" type="stmt"/>
      <line num="84" count="0" type="stmt"/>
      <line num="88" count="1" type="stmt"/>
      <line num="89" count="27" type="stmt"/>
      <line num="91" count="1" type="stmt"/>
    </file>
  </project>
</coverage>
