<?xml version="1.0" encoding="UTF-8"?>
<coverage generated="1571985662049" clover="3.2.0">
  <project timestamp="1571985662049" name="All files">
    <metrics statements="49" coveredstatements="49" conditionals="14" coveredconditionals="14" methods="14" coveredmethods="14" elements="77" coveredelements="77" complexity="0" loc="49" ncloc="49" packages="1" files="1" classes="1"/>
    <file name="index.ts" path="/Users/martinegan/development/internal/cornerstone-digital/loggerhead/src/index.ts">
      <metrics statements="49" coveredstatements="49" conditionals="14" coveredconditionals="14" methods="14" coveredmethods="14"/>
      <line num="1" count="1" type="stmt"/>
      <line num="2" count="1" type="stmt"/>
      <line num="3" count="1" type="stmt"/>
      <line num="4" count="1" type="stmt"/>
      <line num="5" count="1" type="stmt"/>
      <line num="7" count="1" type="stmt"/>
      <line num="8" count="1" type="stmt"/>
      <line num="14" count="21" type="stmt"/>
      <line num="17" count="21" type="stmt"/>
      <line num="19" count="21" type="stmt"/>
      <line num="20" count="21" type="stmt"/>
      <line num="21" count="21" type="stmt"/>
      <line num="22" count="21" type="stmt"/>
      <line num="23" count="21" type="stmt"/>
      <line num="24" count="21" type="stmt"/>
      <line num="26" count="21" type="cond" truecount="4" falsecount="0"/>
      <line num="27" count="17" type="stmt"/>
      <line num="30" count="21" type="stmt"/>
      <line num="33" count="1" type="stmt"/>
      <line num="34" count="1" type="stmt"/>
      <line num="37" count="1" type="stmt"/>
      <line num="38" count="58" type="stmt"/>
      <line num="41" count="168" type="stmt"/>
      <line num="42" count="56" type="cond" truecount="4" falsecount="0"/>
      <line num="43" count="35" type="stmt"/>
      <line num="44" count="35" type="stmt"/>
      <line num="45" count="35" type="cond" truecount="2" falsecount="0"/>
      <line num="46" count="35" type="stmt"/>
      <line num="50" count="24" type="stmt"/>
      <line num="51" count="8" type="stmt"/>
      <line num="54" count="48" type="stmt"/>
      <line num="55" count="16" type="stmt"/>
      <line num="58" count="24" type="stmt"/>
      <line num="59" count="8" type="stmt"/>
      <line num="62" count="24" type="stmt"/>
      <line num="63" count="8" type="stmt"/>
      <line num="66" count="24" type="stmt"/>
      <line num="67" count="8" type="stmt"/>
      <line num="70" count="24" type="stmt"/>
      <line num="71" count="8" type="stmt"/>
      <line num="74" count="105" type="stmt"/>
      <line num="75" count="35" type="cond" truecount="2" falsecount="0"/>
      <line num="76" count="31" type="stmt"/>
      <line num="77" count="31" type="cond" truecount="2" falsecount="0"/>
      <line num="80" count="31" type="stmt"/>
      <line num="82" count="4" type="stmt"/>
      <line num="86" count="1" type="stmt"/>
      <line num="87" count="28" type="stmt"/>
      <line num="89" count="1" type="stmt"/>
    </file>
  </project>
</coverage>
