{"/Users/martinegan/development/internal/cornerstone-digital/loggerhead/src/index.ts": {"path":"/Users/martinegan/development/internal/cornerstone-digital/loggerhead/src/index.ts","statementMap":{"0":{"start":{"line":1,"column":0},"end":{"line":1,"column":40}},"1":{"start":{"line":2,"column":0},"end":{"line":2,"column":25}},"2":{"start":{"line":3,"column":0},"end":{"line":3,"column":65}},"3":{"start":{"line":4,"column":0},"end":{"line":4,"column":42}},"4":{"start":{"line":5,"column":0},"end":{"line":5,"column":74}},"5":{"start":{"line":7,"column":0},"end":{"line":7,"column":35}},"6":{"start":{"line":8,"column":0},"end":{"line":8,"column":null}},"7":{"start":{"line":14,"column":10},"end":{"line":14,"column":null}},"8":{"start":{"line":17,"column":40},"end":{"line":17,"column":57}},"9":{"start":{"line":19,"column":4},"end":{"line":19,"column":null}},"10":{"start":{"line":20,"column":4},"end":{"line":20,"column":null}},"11":{"start":{"line":21,"column":4},"end":{"line":21,"column":null}},"12":{"start":{"line":22,"column":4},"end":{"line":22,"column":null}},"13":{"start":{"line":23,"column":4},"end":{"line":23,"column":null}},"14":{"start":{"line":24,"column":4},"end":{"line":24,"column":null}},"15":{"start":{"line":26,"column":4},"end":{"line":28,"column":null}},"16":{"start":{"line":27,"column":6},"end":{"line":27,"column":null}},"17":{"start":{"line":30,"column":4},"end":{"line":30,"column":null}},"18":{"start":{"line":33,"column":9},"end":{"line":35,"column":null}},"19":{"start":{"line":34,"column":4},"end":{"line":34,"column":null}},"20":{"start":{"line":37,"column":9},"end":{"line":39,"column":null}},"21":{"start":{"line":38,"column":4},"end":{"line":38,"column":null}},"22":{"start":{"line":41,"column":9},"end":{"line":48,"column":null}},"23":{"start":{"line":41,"column":31},"end":{"line":41,"column":51}},"24":{"start":{"line":42,"column":4},"end":{"line":47,"column":null}},"25":{"start":{"line":43,"column":6},"end":{"line":43,"column":null}},"26":{"start":{"line":44,"column":6},"end":{"line":44,"column":null}},"27":{"start":{"line":45,"column":6},"end":{"line":45,"column":null}},"28":{"start":{"line":46,"column":6},"end":{"line":46,"column":34}},"29":{"start":{"line":50,"column":9},"end":{"line":52,"column":null}},"30":{"start":{"line":50,"column":15},"end":{"line":50,"column":35}},"31":{"start":{"line":51,"column":4},"end":{"line":51,"column":38}},"32":{"start":{"line":54,"column":9},"end":{"line":56,"column":null}},"33":{"start":{"line":54,"column":14},"end":{"line":54,"column":34}},"34":{"start":{"line":55,"column":4},"end":{"line":55,"column":37}},"35":{"start":{"line":58,"column":9},"end":{"line":60,"column":null}},"36":{"start":{"line":58,"column":15},"end":{"line":58,"column":35}},"37":{"start":{"line":59,"column":4},"end":{"line":59,"column":38}},"38":{"start":{"line":62,"column":9},"end":{"line":64,"column":null}},"39":{"start":{"line":62,"column":14},"end":{"line":62,"column":34}},"40":{"start":{"line":63,"column":4},"end":{"line":63,"column":37}},"41":{"start":{"line":66,"column":9},"end":{"line":68,"column":null}},"42":{"start":{"line":66,"column":15},"end":{"line":66,"column":35}},"43":{"start":{"line":67,"column":4},"end":{"line":67,"column":38}},"44":{"start":{"line":70,"column":9},"end":{"line":72,"column":null}},"45":{"start":{"line":70,"column":15},"end":{"line":70,"column":35}},"46":{"start":{"line":71,"column":4},"end":{"line":71,"column":38}},"47":{"start":{"line":74,"column":10},"end":{"line":84,"column":null}},"48":{"start":{"line":74,"column":2},"end":{"line":74,"column":10}},"49":{"start":{"line":74,"column":20},"end":{"line":74,"column":40}},"50":{"start":{"line":75,"column":4},"end":{"line":83,"column":null}},"51":{"start":{"line":76,"column":6},"end":{"line":78,"column":null}},"52":{"start":{"line":77,"column":8},"end":{"line":77,"column":null}},"53":{"start":{"line":80,"column":6},"end":{"line":80,"column":null}},"54":{"start":{"line":82,"column":6},"end":{"line":82,"column":null}},"55":{"start":{"line":86,"column":9},"end":{"line":88,"column":null}},"56":{"start":{"line":87,"column":4},"end":{"line":87,"column":null}},"57":{"start":{"line":89,"column":0},"end":{"line":89,"column":null}}},"fnMap":{"0":{"name":"(anonymous_3)","decl":{"start":{"line":8,"column":0},"end":{"line":8,"column":null}},"loc":{"start":{"line":8,"column":0},"end":{"line":89,"column":null}}},"1":{"name":"Loggerhead","decl":{"start":{"line":16,"column":2},"end":{"line":16,"column":14}},"loc":{"start":{"line":16,"column":38},"end":{"line":31,"column":3}}},"2":{"name":"(anonymous_5)","decl":{"start":{"line":33,"column":2},"end":{"line":33,"column":9}},"loc":{"start":{"line":33,"column":2},"end":{"line":35,"column":3}}},"3":{"name":"(anonymous_6)","decl":{"start":{"line":37,"column":2},"end":{"line":37,"column":9}},"loc":{"start":{"line":37,"column":2},"end":{"line":39,"column":3}}},"4":{"name":"(anonymous_7)","decl":{"start":{"line":41,"column":2},"end":{"line":41,"column":9}},"loc":{"start":{"line":41,"column":29},"end":{"line":48,"column":3}}},"5":{"name":"(anonymous_8)","decl":{"start":{"line":50,"column":2},"end":{"line":50,"column":9}},"loc":{"start":{"line":50,"column":2},"end":{"line":52,"column":3}}},"6":{"name":"(anonymous_9)","decl":{"start":{"line":54,"column":2},"end":{"line":54,"column":9}},"loc":{"start":{"line":54,"column":2},"end":{"line":56,"column":3}}},"7":{"name":"(anonymous_10)","decl":{"start":{"line":58,"column":2},"end":{"line":58,"column":9}},"loc":{"start":{"line":58,"column":2},"end":{"line":60,"column":3}}},"8":{"name":"(anonymous_11)","decl":{"start":{"line":62,"column":2},"end":{"line":62,"column":9}},"loc":{"start":{"line":62,"column":2},"end":{"line":64,"column":3}}},"9":{"name":"(anonymous_12)","decl":{"start":{"line":66,"column":2},"end":{"line":66,"column":9}},"loc":{"start":{"line":66,"column":2},"end":{"line":68,"column":3}}},"10":{"name":"(anonymous_13)","decl":{"start":{"line":70,"column":2},"end":{"line":70,"column":9}},"loc":{"start":{"line":70,"column":2},"end":{"line":72,"column":3}}},"11":{"name":"(anonymous_14)","decl":{"start":{"line":74,"column":2},"end":{"line":74,"column":10}},"loc":{"start":{"line":74,"column":2},"end":{"line":84,"column":3}}},"12":{"name":"(anonymous_15)","decl":{"start":{"line":76,"column":22},"end":{"line":76,"column":23}},"loc":{"start":{"line":76,"column":31},"end":{"line":78,"column":7}}},"13":{"name":"(anonymous_16)","decl":{"start":{"line":86,"column":2},"end":{"line":86,"column":9}},"loc":{"start":{"line":86,"column":2},"end":{"line":88,"column":3}}}},"branchMap":{"0":{"loc":{"start":{"line":26,"column":4},"end":{"line":28,"column":null}},"type":"if","locations":[{"start":{"line":26,"column":4},"end":{"line":28,"column":null}},{"start":{"line":26,"column":4},"end":{"line":28,"column":null}}]},"1":{"loc":{"start":{"line":26,"column":8},"end":{"line":26,"column":28}},"type":"binary-expr","locations":[{"start":{"line":26,"column":8},"end":{"line":26,"column":28}},{"start":{"line":26,"column":32},"end":{"line":26,"column":60}}]},"2":{"loc":{"start":{"line":42,"column":4},"end":{"line":47,"column":null}},"type":"if","locations":[{"start":{"line":42,"column":4},"end":{"line":47,"column":null}},{"start":{"line":42,"column":4},"end":{"line":47,"column":null}}]},"3":{"loc":{"start":{"line":42,"column":8},"end":{"line":42,"column":29}},"type":"binary-expr","locations":[{"start":{"line":42,"column":8},"end":{"line":42,"column":29}},{"start":{"line":42,"column":33},"end":{"line":42,"column":52}}]},"4":{"loc":{"start":{"line":45,"column":6},"end":{"line":45,"column":20}},"type":"binary-expr","locations":[{"start":{"line":45,"column":6},"end":{"line":45,"column":20}},{"start":{"line":45,"column":24},"end":{"line":45,"column":57}}]},"5":{"loc":{"start":{"line":75,"column":4},"end":{"line":83,"column":null}},"type":"if","locations":[{"start":{"line":75,"column":4},"end":{"line":83,"column":null}},{"start":{"line":75,"column":4},"end":{"line":83,"column":null}}]},"6":{"loc":{"start":{"line":77,"column":15},"end":{"line":77,"column":26}},"type":"binary-expr","locations":[{"start":{"line":77,"column":15},"end":{"line":77,"column":26}},{"start":{"line":77,"column":30},"end":{"line":77,"column":58}}]}},"s":{"0":1,"1":1,"2":1,"3":1,"4":1,"5":1,"6":1,"7":21,"8":21,"9":21,"10":21,"11":21,"12":21,"13":21,"14":21,"15":21,"16":17,"17":21,"18":1,"19":1,"20":1,"21":58,"22":1,"23":168,"24":56,"25":35,"26":35,"27":35,"28":35,"29":1,"30":24,"31":8,"32":1,"33":48,"34":16,"35":1,"36":24,"37":8,"38":1,"39":24,"40":8,"41":1,"42":24,"43":8,"44":1,"45":24,"46":8,"47":1,"48":35,"49":105,"50":35,"51":31,"52":31,"53":31,"54":4,"55":1,"56":28,"57":1},"f":{"0":1,"1":21,"2":1,"3":58,"4":56,"5":8,"6":16,"7":8,"8":8,"9":8,"10":8,"11":35,"12":31,"13":28},"b":{"0":[17,4],"1":[21,21],"2":[35,21],"3":[56,56],"4":[35,35],"5":[31,4],"6":[31,31]}}
}
