{"/Users/martinegan/development/internal/cornerstone-digital/loggerhead/src/index.ts": {"path":"/Users/martinegan/development/internal/cornerstone-digital/loggerhead/src/index.ts","statementMap":{"0":{"start":{"line":1,"column":0},"end":{"line":1,"column":40}},"1":{"start":{"line":2,"column":0},"end":{"line":2,"column":25}},"2":{"start":{"line":3,"column":0},"end":{"line":3,"column":65}},"3":{"start":{"line":4,"column":0},"end":{"line":4,"column":42}},"4":{"start":{"line":5,"column":0},"end":{"line":5,"column":74}},"5":{"start":{"line":7,"column":0},"end":{"line":7,"column":35}},"6":{"start":{"line":8,"column":0},"end":{"line":8,"column":null}},"7":{"start":{"line":14,"column":10},"end":{"line":14,"column":null}},"8":{"start":{"line":17,"column":40},"end":{"line":17,"column":57}},"9":{"start":{"line":19,"column":4},"end":{"line":19,"column":null}},"10":{"start":{"line":20,"column":4},"end":{"line":20,"column":null}},"11":{"start":{"line":21,"column":4},"end":{"line":21,"column":null}},"12":{"start":{"line":22,"column":4},"end":{"line":22,"column":null}},"13":{"start":{"line":23,"column":4},"end":{"line":23,"column":null}},"14":{"start":{"line":24,"column":4},"end":{"line":26,"column":null}},"15":{"start":{"line":28,"column":4},"end":{"line":30,"column":null}},"16":{"start":{"line":29,"column":6},"end":{"line":29,"column":null}},"17":{"start":{"line":32,"column":4},"end":{"line":32,"column":null}},"18":{"start":{"line":35,"column":9},"end":{"line":37,"column":null}},"19":{"start":{"line":36,"column":4},"end":{"line":36,"column":null}},"20":{"start":{"line":39,"column":9},"end":{"line":41,"column":null}},"21":{"start":{"line":40,"column":4},"end":{"line":40,"column":null}},"22":{"start":{"line":43,"column":9},"end":{"line":50,"column":null}},"23":{"start":{"line":43,"column":31},"end":{"line":43,"column":51}},"24":{"start":{"line":44,"column":4},"end":{"line":49,"column":null}},"25":{"start":{"line":45,"column":6},"end":{"line":45,"column":null}},"26":{"start":{"line":46,"column":6},"end":{"line":46,"column":null}},"27":{"start":{"line":47,"column":6},"end":{"line":47,"column":null}},"28":{"start":{"line":48,"column":6},"end":{"line":48,"column":34}},"29":{"start":{"line":52,"column":9},"end":{"line":54,"column":null}},"30":{"start":{"line":52,"column":15},"end":{"line":52,"column":35}},"31":{"start":{"line":53,"column":4},"end":{"line":53,"column":38}},"32":{"start":{"line":56,"column":9},"end":{"line":58,"column":null}},"33":{"start":{"line":56,"column":14},"end":{"line":56,"column":34}},"34":{"start":{"line":57,"column":4},"end":{"line":57,"column":37}},"35":{"start":{"line":60,"column":9},"end":{"line":62,"column":null}},"36":{"start":{"line":60,"column":15},"end":{"line":60,"column":35}},"37":{"start":{"line":61,"column":4},"end":{"line":61,"column":38}},"38":{"start":{"line":64,"column":9},"end":{"line":66,"column":null}},"39":{"start":{"line":64,"column":14},"end":{"line":64,"column":34}},"40":{"start":{"line":65,"column":4},"end":{"line":65,"column":37}},"41":{"start":{"line":68,"column":9},"end":{"line":70,"column":null}},"42":{"start":{"line":68,"column":15},"end":{"line":68,"column":35}},"43":{"start":{"line":69,"column":4},"end":{"line":69,"column":38}},"44":{"start":{"line":72,"column":9},"end":{"line":74,"column":null}},"45":{"start":{"line":72,"column":15},"end":{"line":72,"column":35}},"46":{"start":{"line":73,"column":4},"end":{"line":73,"column":38}},"47":{"start":{"line":76,"column":10},"end":{"line":86,"column":null}},"48":{"start":{"line":76,"column":2},"end":{"line":76,"column":10}},"49":{"start":{"line":76,"column":20},"end":{"line":76,"column":40}},"50":{"start":{"line":77,"column":4},"end":{"line":85,"column":null}},"51":{"start":{"line":78,"column":6},"end":{"line":80,"column":null}},"52":{"start":{"line":79,"column":8},"end":{"line":79,"column":null}},"53":{"start":{"line":82,"column":6},"end":{"line":82,"column":null}},"54":{"start":{"line":84,"column":6},"end":{"line":84,"column":null}},"55":{"start":{"line":88,"column":10},"end":{"line":90,"column":null}},"56":{"start":{"line":89,"column":4},"end":{"line":89,"column":null}},"57":{"start":{"line":91,"column":0},"end":{"line":91,"column":null}}},"fnMap":{"0":{"name":"(anonymous_3)","decl":{"start":{"line":8,"column":0},"end":{"line":8,"column":null}},"loc":{"start":{"line":8,"column":0},"end":{"line":91,"column":null}}},"1":{"name":"Loggerhead","decl":{"start":{"line":16,"column":2},"end":{"line":16,"column":14}},"loc":{"start":{"line":16,"column":38},"end":{"line":33,"column":3}}},"2":{"name":"(anonymous_5)","decl":{"start":{"line":35,"column":2},"end":{"line":35,"column":9}},"loc":{"start":{"line":35,"column":2},"end":{"line":37,"column":3}}},"3":{"name":"(anonymous_6)","decl":{"start":{"line":39,"column":2},"end":{"line":39,"column":9}},"loc":{"start":{"line":39,"column":2},"end":{"line":41,"column":3}}},"4":{"name":"(anonymous_7)","decl":{"start":{"line":43,"column":2},"end":{"line":43,"column":9}},"loc":{"start":{"line":43,"column":29},"end":{"line":50,"column":3}}},"5":{"name":"(anonymous_8)","decl":{"start":{"line":52,"column":2},"end":{"line":52,"column":9}},"loc":{"start":{"line":52,"column":2},"end":{"line":54,"column":3}}},"6":{"name":"(anonymous_9)","decl":{"start":{"line":56,"column":2},"end":{"line":56,"column":9}},"loc":{"start":{"line":56,"column":2},"end":{"line":58,"column":3}}},"7":{"name":"(anonymous_10)","decl":{"start":{"line":60,"column":2},"end":{"line":60,"column":9}},"loc":{"start":{"line":60,"column":2},"end":{"line":62,"column":3}}},"8":{"name":"(anonymous_11)","decl":{"start":{"line":64,"column":2},"end":{"line":64,"column":9}},"loc":{"start":{"line":64,"column":2},"end":{"line":66,"column":3}}},"9":{"name":"(anonymous_12)","decl":{"start":{"line":68,"column":2},"end":{"line":68,"column":9}},"loc":{"start":{"line":68,"column":2},"end":{"line":70,"column":3}}},"10":{"name":"(anonymous_13)","decl":{"start":{"line":72,"column":2},"end":{"line":72,"column":9}},"loc":{"start":{"line":72,"column":2},"end":{"line":74,"column":3}}},"11":{"name":"(anonymous_14)","decl":{"start":{"line":76,"column":2},"end":{"line":76,"column":10}},"loc":{"start":{"line":76,"column":2},"end":{"line":86,"column":3}}},"12":{"name":"(anonymous_15)","decl":{"start":{"line":78,"column":22},"end":{"line":78,"column":23}},"loc":{"start":{"line":78,"column":31},"end":{"line":80,"column":7}}},"13":{"name":"(anonymous_16)","decl":{"start":{"line":88,"column":2},"end":{"line":88,"column":10}},"loc":{"start":{"line":88,"column":2},"end":{"line":90,"column":3}}}},"branchMap":{"0":{"loc":{"start":{"line":23,"column":43},"end":{"line":23,"column":62}},"type":"cond-expr","locations":[{"start":{"line":23,"column":43},"end":{"line":23,"column":62}},{"start":{"line":23,"column":65},"end":{"line":23,"column":69}}]},"1":{"loc":{"start":{"line":25,"column":8},"end":{"line":25,"column":33}},"type":"cond-expr","locations":[{"start":{"line":25,"column":8},"end":{"line":25,"column":33}},{"start":{"line":26,"column":8},"end":{"line":26,"column":29}}]},"2":{"loc":{"start":{"line":28,"column":4},"end":{"line":30,"column":null}},"type":"if","locations":[{"start":{"line":28,"column":4},"end":{"line":30,"column":null}},{"start":{"line":28,"column":4},"end":{"line":30,"column":null}}]},"3":{"loc":{"start":{"line":28,"column":8},"end":{"line":28,"column":28}},"type":"binary-expr","locations":[{"start":{"line":28,"column":8},"end":{"line":28,"column":28}},{"start":{"line":28,"column":32},"end":{"line":28,"column":60}}]},"4":{"loc":{"start":{"line":44,"column":4},"end":{"line":49,"column":null}},"type":"if","locations":[{"start":{"line":44,"column":4},"end":{"line":49,"column":null}},{"start":{"line":44,"column":4},"end":{"line":49,"column":null}}]},"5":{"loc":{"start":{"line":44,"column":8},"end":{"line":44,"column":29}},"type":"binary-expr","locations":[{"start":{"line":44,"column":8},"end":{"line":44,"column":29}},{"start":{"line":44,"column":33},"end":{"line":44,"column":52}}]},"6":{"loc":{"start":{"line":47,"column":6},"end":{"line":47,"column":20}},"type":"binary-expr","locations":[{"start":{"line":47,"column":6},"end":{"line":47,"column":20}},{"start":{"line":47,"column":24},"end":{"line":47,"column":57}}]},"7":{"loc":{"start":{"line":77,"column":4},"end":{"line":85,"column":null}},"type":"if","locations":[{"start":{"line":77,"column":4},"end":{"line":85,"column":null}},{"start":{"line":77,"column":4},"end":{"line":85,"column":null}}]},"8":{"loc":{"start":{"line":77,"column":8},"end":{"line":77,"column":19}},"type":"binary-expr","locations":[{"start":{"line":77,"column":8},"end":{"line":77,"column":19}},{"start":{"line":77,"column":23},"end":{"line":77,"column":51}}]},"9":{"loc":{"start":{"line":79,"column":29},"end":{"line":79,"column":57}},"type":"cond-expr","locations":[{"start":{"line":79,"column":29},"end":{"line":79,"column":57}},{"start":{"line":79,"column":60},"end":{"line":79,"column":63}}]}},"s":{"0":1,"1":1,"2":1,"3":1,"4":1,"5":1,"6":1,"7":12,"8":12,"9":12,"10":12,"11":12,"12":12,"13":12,"14":12,"15":12,"16":11,"17":12,"18":1,"19":0,"20":1,"21":50,"22":1,"23":144,"24":48,"25":27,"26":27,"27":27,"28":27,"29":1,"30":24,"31":8,"32":1,"33":24,"34":8,"35":1,"36":24,"37":8,"38":1,"39":24,"40":8,"41":1,"42":24,"43":8,"44":1,"45":24,"46":8,"47":1,"48":27,"49":81,"50":27,"51":27,"52":27,"53":27,"54":0,"55":1,"56":27,"57":1},"f":{"0":1,"1":12,"2":0,"3":50,"4":48,"5":8,"6":8,"7":8,"8":8,"9":8,"10":8,"11":27,"12":27,"13":27},"b":{"0":[12,0],"1":[12,0],"2":[11,1],"3":[12,12],"4":[27,21],"5":[48,48],"6":[27,27],"7":[27,0],"8":[27,27],"9":[27,0]}}
}
