TN:
SF:/Users/martinegan/development/internal/cornerstone-digital/loggerhead/src/index.ts
FN:8,(anonymous_3)
FN:16,Loggerhead
FN:33,(anonymous_5)
FN:37,(anonymous_6)
FN:41,(anonymous_7)
FN:50,(anonymous_8)
FN:54,(anonymous_9)
FN:58,(anonymous_10)
FN:62,(anonymous_11)
FN:66,(anonymous_12)
FN:70,(anonymous_13)
FN:74,(anonymous_14)
FN:76,(anonymous_15)
FN:86,(anonymous_16)
FNF:14
FNH:14
FNDA:1,(anonymous_3)
FNDA:21,Loggerhead
FNDA:1,(anonymous_5)
FNDA:58,(anonymous_6)
FNDA:56,(anonymous_7)
FNDA:8,(anonymous_8)
FNDA:16,(anonymous_9)
FNDA:8,(anonymous_10)
FNDA:8,(anonymous_11)
FNDA:8,(anonymous_12)
FNDA:8,(anonymous_13)
FNDA:35,(anonymous_14)
FNDA:31,(anonymous_15)
FNDA:28,(anonymous_16)
DA:1,1
DA:2,1
DA:3,1
DA:4,1
DA:5,1
DA:7,1
DA:8,1
DA:14,21
DA:17,21
DA:19,21
DA:20,21
DA:21,21
DA:22,21
DA:23,21
DA:24,21
DA:26,21
DA:27,17
DA:30,21
DA:33,1
DA:34,1
DA:37,1
DA:38,58
DA:41,168
DA:42,56
DA:43,35
DA:44,35
DA:45,35
DA:46,35
DA:50,24
DA:51,8
DA:54,48
DA:55,16
DA:58,24
DA:59,8
DA:62,24
DA:63,8
DA:66,24
DA:67,8
DA:70,24
DA:71,8
DA:74,105
DA:75,35
DA:76,31
DA:77,31
DA:80,31
DA:82,4
DA:86,1
DA:87,28
DA:89,1
LF:49
LH:49
BRDA:26,0,0,17
BRDA:26,0,1,4
BRDA:26,1,0,21
BRDA:26,1,1,21
BRDA:42,2,0,35
BRDA:42,2,1,21
BRDA:42,3,0,56
BRDA:42,3,1,56
BRDA:45,4,0,35
BRDA:45,4,1,35
BRDA:75,5,0,31
BRDA:75,5,1,4
BRDA:77,6,0,31
BRDA:77,6,1,31
BRF:14
BRH:14
end_of_record
