TN:
SF:/Users/martinegan/development/internal/cornerstone-digital/loggerhead/src/index.ts
FN:8,(anonymous_3)
FN:16,Loggerhead
FN:35,(anonymous_5)
FN:39,(anonymous_6)
FN:43,(anonymous_7)
FN:52,(anonymous_8)
FN:56,(anonymous_9)
FN:60,(anonymous_10)
FN:64,(anonymous_11)
FN:68,(anonymous_12)
FN:72,(anonymous_13)
FN:76,(anonymous_14)
FN:78,(anonymous_15)
FN:88,(anonymous_16)
FNF:14
FNH:13
FNDA:1,(anonymous_3)
FNDA:12,Loggerhead
FNDA:0,(anonymous_5)
FNDA:50,(anonymous_6)
FNDA:48,(anonymous_7)
FNDA:8,(anonymous_8)
FNDA:8,(anonymous_9)
FNDA:8,(anonymous_10)
FNDA:8,(anonymous_11)
FNDA:8,(anonymous_12)
FNDA:8,(anonymous_13)
FNDA:27,(anonymous_14)
FNDA:27,(anonymous_15)
FNDA:27,(anonymous_16)
DA:1,1
DA:2,1
DA:3,1
DA:4,1
DA:5,1
DA:7,1
DA:8,1
DA:14,12
DA:17,12
DA:19,12
DA:20,12
DA:21,12
DA:22,12
DA:23,12
DA:24,12
DA:28,12
DA:29,11
DA:32,12
DA:35,1
DA:36,0
DA:39,1
DA:40,50
DA:43,144
DA:44,48
DA:45,27
DA:46,27
DA:47,27
DA:48,27
DA:52,24
DA:53,8
DA:56,24
DA:57,8
DA:60,24
DA:61,8
DA:64,24
DA:65,8
DA:68,24
DA:69,8
DA:72,24
DA:73,8
DA:76,81
DA:77,27
DA:78,27
DA:79,27
DA:82,27
DA:84,0
DA:88,1
DA:89,27
DA:91,1
LF:49
LH:47
BRDA:23,0,0,12
BRDA:23,0,1,0
BRDA:25,1,0,12
BRDA:25,1,1,0
BRDA:28,2,0,11
BRDA:28,2,1,1
BRDA:28,3,0,12
BRDA:28,3,1,12
BRDA:44,4,0,27
BRDA:44,4,1,21
BRDA:44,5,0,48
BRDA:44,5,1,48
BRDA:47,6,0,27
BRDA:47,6,1,27
BRDA:77,7,0,27
BRDA:77,7,1,0
BRDA:77,8,0,27
BRDA:77,8,1,27
BRDA:79,9,0,27
BRDA:79,9,1,0
BRF:20
BRH:16
end_of_record
